[2014-03-04 11:06:18] START
[2014-03-04 11:06:18] EDIT welcome/controllers/default.py: 0
[2014-03-04 11:07:13] EDIT welcome/controllers/default.py: 1
[2014-03-04 11:07:13] EDIT welcome/controllers/default.py: 0
[2014-03-04 11:07:13] EDIT welcome/controllers/default.py: 0
[2014-03-04 11:07:18] EDIT welcome/controllers/default.py: 0
[2014-03-04 11:07:19] EDIT welcome/controllers/default.py: 0
[2014-03-04 11:07:19] EDIT welcome/controllers/default.py: 0
[2014-03-04 11:09:35] EDIT welcome/controllers/default.py: 9
[2014-03-04 11:09:35] EDIT welcome/controllers/default.py: 0
[2014-03-04 11:09:35] EDIT welcome/controllers/default.py: 0
[2014-03-04 11:09:35] EDIT welcome/controllers/default.py: 0
[2014-03-04 11:09:35] EDIT welcome/controllers/default.py: 0
[2014-03-04 11:09:36] EDIT welcome/controllers/default.py: 0
[2014-03-04 11:09:36] EDIT welcome/controllers/default.py: 0
[2014-03-04 11:09:36] EDIT welcome/controllers/default.py: 0
[2014-03-04 11:09:36] EDIT welcome/controllers/default.py: 0
[2014-03-04 11:09:36] EDIT welcome/controllers/default.py: 0
[2014-03-04 11:09:37] EDIT welcome/controllers/default.py: 0
[2014-03-04 11:11:59] CREATE default/irfan.html: 0
[2014-03-04 11:14:00] EDIT welcome/views/default/irfan.html: 1
[2014-03-04 11:14:00] EDIT welcome/views/default/irfan.html: 0
[2014-03-04 11:14:00] EDIT welcome/views/default/irfan.html: 0
[2014-03-04 11:14:00] EDIT welcome/views/default/irfan.html: 0
[2014-03-04 11:14:01] EDIT welcome/views/default/irfan.html: 0
[2014-03-04 11:23:29] EDIT welcome/controllers/default.py: 1
[2014-03-04 11:23:29] EDIT welcome/controllers/default.py: 0
[2014-03-04 11:23:49] EDIT welcome/views/default/irfan.html: 1
[2014-03-04 11:23:49] EDIT welcome/views/default/irfan.html: 0
[2014-03-04 11:23:49] EDIT welcome/views/default/irfan.html: 0
[2014-03-04 17:14:34] EDIT welcome/controllers/default.py: 0
[2014-03-04 17:23:05] EDIT welcome/views/default/irfan.html: 1
[2014-03-04 17:23:33] EDIT welcome/views/default/irfan.html: 0
[2014-03-04 17:23:50] EDIT welcome/views/default/irfan.html: 0
[2014-03-04 17:23:50] EDIT welcome/views/default/irfan.html: 0
[2014-03-04 17:23:50] EDIT welcome/views/default/irfan.html: 0
[2014-03-04 17:28:37] EDIT welcome/views/default/irfan.html: 1
[2014-03-04 17:28:37] EDIT welcome/views/default/irfan.html: 0
[2014-03-04 17:28:37] EDIT welcome/views/default/irfan.html: 0
[2014-03-04 17:29:29] EDIT welcome/views/default/irfan.html: 0
[2014-03-04 17:29:29] EDIT welcome/views/default/irfan.html: 0
[2014-03-04 17:29:29] EDIT welcome/views/default/irfan.html: 0
[2014-03-04 17:29:30] EDIT welcome/views/default/irfan.html: 0
[2014-03-04 17:35:16] EDIT welcome/views/default/irfan.html: 5
[2014-03-04 17:35:16] EDIT welcome/views/default/irfan.html: 0
[2014-03-04 17:35:17] EDIT welcome/views/default/irfan.html: 0
[2014-03-04 17:35:17] EDIT welcome/views/default/irfan.html: 0
[2014-03-04 17:35:17] EDIT welcome/views/default/irfan.html: 0
[2014-03-04 17:35:17] EDIT welcome/views/default/irfan.html: 0
[2014-03-04 17:35:43] EDIT welcome/views/default/irfan.html: 0
[2014-03-04 17:35:59] EDIT welcome/views/default/irfan.html: 0
[2014-03-04 17:35:59] EDIT welcome/views/default/irfan.html: 0
[2014-03-04 17:35:59] EDIT welcome/views/default/irfan.html: 0
[2014-03-04 17:40:29] EDIT welcome/views/default/irfan.html: 6
[2014-03-04 17:40:29] EDIT welcome/views/default/irfan.html: 0
[2014-03-04 17:40:29] EDIT welcome/views/default/irfan.html: 0
[2014-03-04 17:40:30] EDIT welcome/views/default/irfan.html: 0
[2014-03-04 17:41:17] EDIT welcome/views/default/irfan.html: -2
[2014-03-04 17:41:17] EDIT welcome/views/default/irfan.html: 0
[2014-03-04 17:41:17] EDIT welcome/views/default/irfan.html: 0
[2014-03-04 17:42:45] EDIT welcome/views/default/irfan.html: 4
[2014-03-04 17:42:45] EDIT welcome/views/default/irfan.html: 0
[2014-03-04 17:42:46] EDIT welcome/views/default/irfan.html: 0
[2014-03-04 17:42:46] EDIT welcome/views/default/irfan.html: 0
[2014-03-04 17:42:46] EDIT welcome/views/default/irfan.html: 0
[2014-03-04 17:43:57] EDIT welcome/views/default/irfan.html: 0
[2014-03-04 17:43:57] EDIT welcome/views/default/irfan.html: 0
[2014-03-04 17:43:57] EDIT welcome/views/default/irfan.html: 0
[2014-03-04 17:45:44] EDIT welcome/views/default/irfan.html: 2
[2014-03-04 17:45:44] EDIT welcome/views/default/irfan.html: 0
[2014-03-04 17:45:45] EDIT welcome/views/default/irfan.html: 0
[2014-03-04 17:46:11] EDIT welcome/views/default/irfan.html: 1
[2014-03-04 17:46:11] EDIT welcome/views/default/irfan.html: 0
[2014-03-04 17:46:12] EDIT welcome/views/default/irfan.html: 0
[2014-03-04 17:46:40] EDIT welcome/views/default/irfan.html: 0
[2014-03-04 17:47:08] EDIT welcome/views/default/irfan.html: 0
[2014-03-04 17:47:08] EDIT welcome/views/default/irfan.html: 0
[2014-03-04 17:47:08] EDIT welcome/views/default/irfan.html: 0
[2014-03-04 17:47:50] EDIT welcome/views/default/irfan.html: 0
[2014-03-04 17:47:50] EDIT welcome/views/default/irfan.html: 0
[2014-03-04 17:47:54] EDIT welcome/views/default/irfan.html: 0
[2014-03-04 17:47:54] EDIT welcome/views/default/irfan.html: 0
[2014-03-04 17:47:54] EDIT welcome/views/default/irfan.html: 0
[2014-03-04 17:49:09] EDIT welcome/views/default/irfan.html: 0
[2014-03-04 17:49:09] EDIT welcome/views/default/irfan.html: 0
[2014-03-04 17:49:10] EDIT welcome/views/default/irfan.html: 0
[2014-03-04 17:49:10] EDIT welcome/views/default/irfan.html: 0
[2014-03-04 17:55:01] EDIT welcome/views/default/irfan.html: 9
[2014-03-04 17:55:01] EDIT welcome/views/default/irfan.html: 0
[2014-03-04 17:55:02] EDIT welcome/views/default/irfan.html: 0
[2014-03-04 17:55:02] EDIT welcome/views/default/irfan.html: 0
[2014-03-04 17:55:02] EDIT welcome/views/default/irfan.html: 0
[2014-03-04 17:55:02] EDIT welcome/views/default/irfan.html: 0
[2014-03-04 17:55:18] EDIT welcome/views/default/irfan.html: 1
[2014-03-04 17:55:18] EDIT welcome/views/default/irfan.html: 0
[2014-03-04 17:55:18] EDIT welcome/views/default/irfan.html: 0
[2014-03-04 17:55:24] EDIT welcome/views/default/irfan.html: 0
[2014-03-04 17:55:24] EDIT welcome/views/default/irfan.html: 0
[2014-03-04 17:55:24] EDIT welcome/views/default/irfan.html: 0
[2014-03-04 17:56:34] EDIT welcome/views/default/irfan.html: 2
[2014-03-04 17:56:35] EDIT welcome/views/default/irfan.html: 0
[2014-03-04 17:56:35] EDIT welcome/views/default/irfan.html: 0
[2014-03-04 17:56:35] EDIT welcome/views/default/irfan.html: 0
[2014-03-04 17:59:15] EDIT welcome/controllers/default.py: 1
[2014-03-04 17:59:15] EDIT welcome/controllers/default.py: 0
[2014-03-04 17:59:15] EDIT welcome/controllers/default.py: 0
[2014-03-04 17:59:15] EDIT welcome/controllers/default.py: 0
[2014-03-04 17:59:15] EDIT welcome/controllers/default.py: 0
[2014-03-04 17:59:57] EDIT welcome/views/default/irfan.html: 2
[2014-03-04 17:59:57] EDIT welcome/views/default/irfan.html: 0
[2014-03-04 17:59:58] EDIT welcome/views/default/irfan.html: 0
[2014-03-04 18:01:20] EDIT welcome/controllers/default.py: 1
[2014-03-04 18:01:20] EDIT welcome/controllers/default.py: 0
[2014-03-04 18:01:20] EDIT welcome/controllers/default.py: 0
[2014-03-04 18:01:28] EDIT welcome/controllers/default.py: 1
[2014-03-04 18:01:28] EDIT welcome/controllers/default.py: 0
[2014-03-04 18:02:00] EDIT welcome/controllers/default.py: 0
[2014-03-04 18:02:00] EDIT welcome/controllers/default.py: 0
[2014-03-04 18:02:01] EDIT welcome/controllers/default.py: 0
[2014-03-04 18:02:01] EDIT welcome/controllers/default.py: 0
[2014-03-04 18:02:01] EDIT welcome/controllers/default.py: 0
[2014-03-04 18:02:01] EDIT welcome/controllers/default.py: 0
[2014-03-04 18:02:01] EDIT welcome/controllers/default.py: 0
[2014-03-04 18:02:35] EDIT welcome/views/default/irfan.html: 1
[2014-03-04 18:02:35] EDIT welcome/views/default/irfan.html: 0
[2014-03-04 18:02:35] EDIT welcome/views/default/irfan.html: 0
[2014-03-04 18:02:36] EDIT welcome/views/default/irfan.html: 0
[2014-03-04 18:03:43] EDIT welcome/controllers/default.py: 1
[2014-03-04 18:03:44] EDIT welcome/controllers/default.py: 0
[2014-03-04 18:03:44] EDIT welcome/controllers/default.py: 0
[2014-03-04 18:03:46] EDIT welcome/controllers/default.py: 0
[2014-03-04 18:03:46] EDIT welcome/controllers/default.py: 0
[2014-03-04 18:03:47] EDIT welcome/controllers/default.py: 0
[2014-03-04 18:04:20] EDIT welcome/controllers/default.py: 1
[2014-03-04 18:04:20] EDIT welcome/controllers/default.py: 0
[2014-03-04 18:05:46] EDIT welcome/controllers/default.py: 0
[2014-03-04 18:05:46] EDIT welcome/controllers/default.py: 0
[2014-03-04 18:05:46] EDIT welcome/controllers/default.py: 0
[2014-03-04 18:05:46] EDIT welcome/controllers/default.py: 0
[2014-03-04 18:07:40] EDIT welcome/controllers/default.py: 0
[2014-03-04 18:07:40] EDIT welcome/controllers/default.py: 0
[2014-03-04 18:07:40] EDIT welcome/controllers/default.py: 0
[2014-03-04 18:07:40] EDIT welcome/controllers/default.py: 0
[2014-03-04 18:07:57] EDIT welcome/controllers/default.py: 0
[2014-03-04 18:07:58] EDIT welcome/controllers/default.py: 0
[2014-03-04 18:07:58] EDIT welcome/controllers/default.py: 0
[2014-03-04 18:08:12] EDIT welcome/controllers/default.py: 0
[2014-03-04 18:08:12] EDIT welcome/controllers/default.py: 0
[2014-03-04 18:08:13] EDIT welcome/controllers/default.py: 0
[2014-03-04 18:08:13] EDIT welcome/controllers/default.py: 0
[2014-03-04 18:08:41] EDIT welcome/views/default/irfan.html: 1
[2014-03-04 18:08:41] EDIT welcome/views/default/irfan.html: 0
[2014-03-04 18:08:41] EDIT welcome/views/default/irfan.html: 0
[2014-03-04 18:09:32] EDIT welcome/controllers/default.py: 1
[2014-03-04 18:09:32] EDIT welcome/controllers/default.py: 0
[2014-03-04 18:09:32] EDIT welcome/controllers/default.py: 0
[2014-03-04 18:09:36] EDIT welcome/controllers/default.py: 0
[2014-03-04 18:09:36] EDIT welcome/controllers/default.py: 0
[2014-03-04 18:09:36] EDIT welcome/controllers/default.py: 0
[2014-03-04 18:09:47] EDIT welcome/controllers/default.py: 0
[2014-03-04 18:09:47] EDIT welcome/controllers/default.py: 0
[2014-03-04 18:09:47] EDIT welcome/controllers/default.py: 0
[2014-03-04 18:09:47] EDIT welcome/controllers/default.py: 0
[2014-03-04 18:10:24] EDIT welcome/views/default/irfan.html: 1
[2014-03-04 18:10:24] EDIT welcome/views/default/irfan.html: 0
[2014-03-04 18:10:24] EDIT welcome/views/default/irfan.html: 0
[2014-03-04 18:10:29] EDIT welcome/views/default/irfan.html: 0
[2014-03-04 18:10:29] EDIT welcome/views/default/irfan.html: 0
[2014-03-04 18:10:29] EDIT welcome/views/default/irfan.html: 0
[2014-03-04 18:11:42] EDIT welcome/controllers/default.py: 1
[2014-03-04 18:11:42] EDIT welcome/controllers/default.py: 0
[2014-03-04 18:11:42] EDIT welcome/controllers/default.py: 0
[2014-03-04 18:16:54] EDIT welcome/controllers/default.py: 0
[2014-03-04 18:16:54] EDIT welcome/controllers/default.py: 0
[2014-03-04 18:16:55] EDIT welcome/controllers/default.py: 0
[2014-03-04 18:17:13] EDIT welcome/views/default/irfan.html: 1
[2014-03-04 18:17:13] EDIT welcome/views/default/irfan.html: 0
[2014-03-04 18:17:13] EDIT welcome/views/default/irfan.html: 0
[2014-03-04 18:18:05] EDIT welcome/controllers/default.py: 0
[2014-03-04 18:18:05] EDIT welcome/controllers/default.py: 0
[2014-03-04 18:18:05] EDIT welcome/controllers/default.py: 0
[2014-03-04 18:18:05] EDIT welcome/controllers/default.py: 0
[2014-03-04 18:19:07] EDIT welcome/controllers/default.py: 0
[2014-03-04 18:19:07] EDIT welcome/controllers/default.py: 0
[2014-03-04 18:19:08] EDIT welcome/controllers/default.py: 0
[2014-03-04 18:21:01] EDIT welcome/views/default/irfan.html: 0
[2014-03-04 18:21:01] EDIT welcome/views/default/irfan.html: 0
[2014-03-04 18:21:01] EDIT welcome/views/default/irfan.html: 0
[2014-03-04 18:21:02] EDIT welcome/views/default/irfan.html: 0
[2014-03-04 18:23:02] EDIT welcome/views/default/irfan.html: 0
[2014-03-04 18:23:03] EDIT welcome/views/default/irfan.html: 0
[2014-03-04 18:23:03] EDIT welcome/views/default/irfan.html: 0
[2014-03-04 18:23:03] EDIT welcome/views/default/irfan.html: 0
[2014-03-04 18:23:03] EDIT welcome/views/default/irfan.html: 0
[2014-03-04 18:23:04] EDIT welcome/views/default/irfan.html: 0
[2014-03-04 18:23:04] EDIT welcome/views/default/irfan.html: 0
[2014-03-04 18:23:04] EDIT welcome/views/default/irfan.html: 0
[2014-03-04 18:23:04] EDIT welcome/views/default/irfan.html: 0
[2014-03-04 18:23:05] EDIT welcome/views/default/irfan.html: 0
[2014-03-04 18:23:05] EDIT welcome/views/default/irfan.html: 0
[2014-03-04 18:23:46] EDIT welcome/views/default/irfan.html: 0
[2014-03-04 18:23:47] EDIT welcome/views/default/irfan.html: 0
[2014-03-04 18:23:47] EDIT welcome/views/default/irfan.html: 0
[2014-03-04 18:25:02] EDIT welcome/views/default/irfan.html: 0
[2014-03-04 18:25:02] EDIT welcome/views/default/irfan.html: 0
[2014-03-04 18:25:02] EDIT welcome/views/default/irfan.html: 0
[2014-03-04 18:25:02] EDIT welcome/views/default/irfan.html: 0
[2014-03-04 18:25:15] EDIT welcome/views/default/irfan.html: 2
[2014-03-04 18:25:16] EDIT welcome/views/default/irfan.html: 0
[2014-03-04 18:25:16] EDIT welcome/views/default/irfan.html: 0
[2014-03-04 18:25:16] EDIT welcome/views/default/irfan.html: 0
[2014-03-04 18:25:16] EDIT welcome/views/default/irfan.html: 0
[2014-03-04 18:25:16] EDIT welcome/views/default/irfan.html: 0
[2014-03-04 18:25:16] EDIT welcome/views/default/irfan.html: 0
[2014-03-04 18:25:17] EDIT welcome/views/default/irfan.html: 0
[2014-03-04 19:10:13] EDIT welcome/controllers/default.py: 5
[2014-03-04 19:10:13] EDIT welcome/controllers/default.py: 0
[2014-03-04 19:10:14] EDIT welcome/controllers/default.py: 0
[2014-03-04 19:10:14] EDIT welcome/controllers/default.py: 0
[2014-03-04 19:10:18] EDIT welcome/controllers/default.py: 0
[2014-03-04 19:10:19] EDIT welcome/controllers/default.py: 0
[2014-03-04 19:10:19] EDIT welcome/controllers/default.py: 0
[2014-03-04 19:10:19] EDIT welcome/controllers/default.py: 0
[2014-03-04 19:10:19] EDIT welcome/controllers/default.py: 0
[2014-03-04 19:10:38] EDIT welcome/controllers/default.py: 0
[2014-03-04 19:10:38] EDIT welcome/controllers/default.py: 0
[2014-03-04 19:10:38] EDIT welcome/controllers/default.py: 0
[2014-03-04 19:10:39] EDIT welcome/controllers/default.py: 0
[2014-03-04 19:11:10] EDIT welcome/controllers/default.py: 0
[2014-03-04 19:11:10] EDIT welcome/controllers/default.py: 0
[2014-03-04 19:11:10] EDIT welcome/controllers/default.py: 0
[2014-03-04 19:11:10] EDIT welcome/controllers/default.py: 0
[2014-03-04 19:11:39] EDIT welcome/views/default/irfan.html: 0
[2014-03-04 19:11:39] EDIT welcome/views/default/irfan.html: 0
[2014-03-04 19:11:39] EDIT welcome/views/default/irfan.html: 0
[2014-03-04 19:11:40] EDIT welcome/views/default/irfan.html: 0
[2014-03-04 19:11:54] EDIT welcome/views/default/irfan.html: 0
[2014-03-04 19:11:54] EDIT welcome/views/default/irfan.html: 0
[2014-03-04 19:11:55] EDIT welcome/views/default/irfan.html: 0
[2014-03-04 19:11:55] EDIT welcome/views/default/irfan.html: 0
[2014-03-04 19:12:16] EDIT welcome/controllers/default.py: 0
[2014-03-04 19:12:16] EDIT welcome/controllers/default.py: 0
[2014-03-04 19:12:16] EDIT welcome/controllers/default.py: 0
[2014-03-04 19:17:16] EDIT welcome/controllers/default.py: 6
[2014-03-04 19:17:16] EDIT welcome/controllers/default.py: 0
[2014-03-04 19:17:16] EDIT welcome/controllers/default.py: 0
[2014-03-04 19:17:39] EDIT welcome/controllers/default.py: 0
[2014-03-04 19:17:39] EDIT welcome/controllers/default.py: 0
[2014-03-04 19:17:39] EDIT welcome/controllers/default.py: 0
[2014-03-04 19:17:39] EDIT welcome/controllers/default.py: 0
[2014-03-04 19:18:22] EDIT welcome/controllers/default.py: 0
[2014-03-04 19:19:07] EDIT welcome/controllers/default.py: 0
[2014-03-04 19:19:08] EDIT welcome/controllers/default.py: 0
[2014-03-04 19:19:09] EDIT welcome/controllers/default.py: 0
[2014-03-04 19:19:09] EDIT welcome/controllers/default.py: 0
[2014-03-04 19:19:09] EDIT welcome/controllers/default.py: 0
[2014-03-04 19:19:09] EDIT welcome/controllers/default.py: 0
[2014-03-04 19:19:10] EDIT welcome/controllers/default.py: 0
[2014-03-04 19:19:10] EDIT welcome/controllers/default.py: 0
[2014-03-04 19:19:10] EDIT welcome/controllers/default.py: 0
[2014-03-04 19:19:10] EDIT welcome/controllers/default.py: 0
[2014-03-04 19:19:24] EDIT welcome/controllers/default.py: 0
[2014-03-04 19:19:24] EDIT welcome/controllers/default.py: 0
[2014-03-04 19:19:25] EDIT welcome/controllers/default.py: 0
[2014-03-04 19:19:32] EDIT welcome/controllers/default.py: 0
[2014-03-04 19:20:06] EDIT welcome/controllers/default.py: 0
[2014-03-04 19:20:07] EDIT welcome/controllers/default.py: 0
[2014-03-04 19:20:07] EDIT welcome/controllers/default.py: 0
[2014-03-04 19:20:07] EDIT welcome/controllers/default.py: 0
[2014-03-04 19:20:18] EDIT welcome/controllers/default.py: 0
[2014-03-04 19:20:22] EDIT welcome/controllers/default.py: 0
[2014-03-04 19:20:23] EDIT welcome/controllers/default.py: 0
[2014-03-04 19:20:25] EDIT welcome/controllers/default.py: 0
[2014-03-04 19:22:55] EDIT welcome/controllers/default.py: 0
[2014-03-04 19:23:11] EDIT welcome/controllers/default.py: -7
[2014-03-04 19:23:12] EDIT welcome/controllers/default.py: 0
[2014-03-04 19:23:12] EDIT welcome/controllers/default.py: 0
[2014-03-04 19:23:12] EDIT welcome/controllers/default.py: 0
[2014-03-04 19:23:12] EDIT welcome/controllers/default.py: 0
[2014-03-04 19:23:43] EDIT welcome/controllers/default.py: 0
[2014-03-04 19:23:43] EDIT welcome/controllers/default.py: 0
[2014-03-04 19:23:43] EDIT welcome/controllers/default.py: 0
[2014-03-04 19:23:44] EDIT welcome/controllers/default.py: 0
[2014-03-04 19:23:44] EDIT welcome/controllers/default.py: 0
[2014-03-04 19:24:21] EDIT welcome/controllers/default.py: 0
[2014-03-04 19:24:21] EDIT welcome/controllers/default.py: 0
[2014-03-04 19:24:22] EDIT welcome/controllers/default.py: 0
[2014-03-04 19:25:05] EDIT welcome/controllers/default.py: 0
[2014-03-04 19:25:06] EDIT welcome/controllers/default.py: 0
[2014-03-04 19:25:06] EDIT welcome/controllers/default.py: 0
[2014-03-04 19:25:06] EDIT welcome/controllers/default.py: 0
[2014-03-04 19:28:51] EDIT welcome/controllers/default.py: 5
[2014-03-04 19:28:51] EDIT welcome/controllers/default.py: 0
[2014-03-04 19:28:51] EDIT welcome/controllers/default.py: 0
[2014-03-04 19:29:54] EDIT welcome/controllers/default.py: 1
[2014-03-04 19:29:55] EDIT welcome/controllers/default.py: 0
[2014-03-04 19:29:55] EDIT welcome/controllers/default.py: 0
[2014-03-04 19:30:08] EDIT welcome/controllers/default.py: 0
[2014-03-04 19:30:09] EDIT welcome/controllers/default.py: 0
[2014-03-04 19:30:09] EDIT welcome/controllers/default.py: 0
[2014-03-04 19:30:09] EDIT welcome/controllers/default.py: 0
[2014-03-04 19:30:09] EDIT welcome/controllers/default.py: 0
[2014-03-04 19:30:13] EDIT welcome/controllers/default.py: 0
[2014-03-04 19:30:13] EDIT welcome/controllers/default.py: 0
[2014-03-04 19:30:20] EDIT welcome/controllers/default.py: 0
[2014-03-04 19:30:21] EDIT welcome/controllers/default.py: 0
[2014-03-04 19:30:21] EDIT welcome/controllers/default.py: 0
[2014-03-04 19:33:53] EDIT welcome/controllers/default.py: 0
[2014-03-04 19:33:53] EDIT welcome/controllers/default.py: 0
[2014-03-04 19:33:53] EDIT welcome/controllers/default.py: 0
[2014-03-04 19:34:14] EDIT welcome/controllers/default.py: 0
[2014-03-04 19:34:15] EDIT welcome/controllers/default.py: 0
[2014-03-04 19:34:15] EDIT welcome/controllers/default.py: 0
[2014-03-04 19:34:38] EDIT welcome/controllers/default.py: 0
[2014-03-04 19:34:38] EDIT welcome/controllers/default.py: 0
[2014-03-04 19:34:43] EDIT welcome/controllers/default.py: 0
[2014-03-04 19:34:43] EDIT welcome/controllers/default.py: 0
[2014-03-04 19:34:43] EDIT welcome/controllers/default.py: 0
[2014-03-04 19:35:35] EDIT welcome/controllers/default.py: 0
[2014-03-04 19:35:36] EDIT welcome/controllers/default.py: 0
[2014-03-04 19:36:53] EDIT welcome/controllers/default.py: 0
[2014-03-04 19:36:53] EDIT welcome/controllers/default.py: 0
[2014-03-04 19:36:53] EDIT welcome/controllers/default.py: 0
[2014-03-04 19:36:53] EDIT welcome/controllers/default.py: 0
[2014-03-04 19:37:08] EDIT welcome/controllers/default.py: 0
[2014-03-04 19:37:08] EDIT welcome/controllers/default.py: 0
[2014-03-04 19:37:08] EDIT welcome/controllers/default.py: 0
[2014-03-04 19:39:13] EDIT welcome/controllers/default.py: 6
[2014-03-04 19:39:13] EDIT welcome/controllers/default.py: 0
[2014-03-04 19:39:14] EDIT welcome/controllers/default.py: 0
[2014-03-04 19:39:14] EDIT welcome/controllers/default.py: 0
[2014-03-04 19:47:01] EDIT welcome/controllers/default.py: 2
[2014-03-04 19:47:01] EDIT welcome/controllers/default.py: 0
[2014-03-04 19:47:02] EDIT welcome/controllers/default.py: 0
[2014-03-04 19:47:02] EDIT welcome/controllers/default.py: 0
[2014-03-04 19:47:02] EDIT welcome/controllers/default.py: 0
[2014-03-04 19:47:02] EDIT welcome/controllers/default.py: 0
[2014-03-04 19:47:30] EDIT welcome/controllers/default.py: 0
[2014-03-04 19:47:30] EDIT welcome/controllers/default.py: 0
[2014-03-04 19:47:31] EDIT welcome/controllers/default.py: 0
[2014-03-04 19:47:31] EDIT welcome/controllers/default.py: 0
[2014-03-04 19:47:50] EDIT welcome/controllers/default.py: 0
[2014-03-04 19:47:50] EDIT welcome/controllers/default.py: 0
[2014-03-04 19:47:51] EDIT welcome/controllers/default.py: 0
[2014-03-04 19:54:16] EDIT welcome/controllers/default.py: 3
[2014-03-04 19:54:16] EDIT welcome/controllers/default.py: 0
[2014-03-04 19:54:17] EDIT welcome/controllers/default.py: 0
[2014-03-04 19:54:17] EDIT welcome/controllers/default.py: 0
[2014-03-04 19:54:17] EDIT welcome/controllers/default.py: 0
[2014-03-04 19:54:17] EDIT welcome/controllers/default.py: 0
[2014-03-04 19:54:17] EDIT welcome/controllers/default.py: 0
[2014-03-04 20:00:16] EDIT welcome/controllers/default.py: 0
[2014-03-04 20:00:17] EDIT welcome/controllers/default.py: 0
[2014-03-04 20:00:17] EDIT welcome/controllers/default.py: 0
[2014-03-04 20:03:52] EDIT welcome/controllers/default.py: 1
[2014-03-04 20:03:52] EDIT welcome/controllers/default.py: 0
[2014-03-04 20:03:52] EDIT welcome/controllers/default.py: 0
[2014-03-04 20:05:14] EDIT welcome/controllers/default.py: 0
[2014-03-04 20:09:48] EDIT welcome/views/default/irfan.html: 9
[2014-03-04 20:09:49] EDIT welcome/views/default/irfan.html: 0
[2014-03-04 20:09:49] EDIT welcome/views/default/irfan.html: 0
[2014-03-04 20:09:49] EDIT welcome/views/default/irfan.html: 0
[2014-03-04 20:09:49] EDIT welcome/views/default/irfan.html: 0
[2014-03-04 20:11:07] EDIT welcome/controllers/default.py: 0
[2014-03-04 20:11:07] EDIT welcome/controllers/default.py: 0
[2014-03-04 20:11:07] EDIT welcome/controllers/default.py: 0
[2014-03-04 20:11:39] EDIT welcome/views/default/irfan.html: 0
[2014-03-04 20:11:40] EDIT welcome/views/default/irfan.html: 0
[2014-03-04 20:11:40] EDIT welcome/views/default/irfan.html: 0
[2014-03-04 20:11:40] EDIT welcome/views/default/irfan.html: 0
[2014-03-04 20:12:01] EDIT welcome/views/default/irfan.html: 0
[2014-03-04 20:12:01] EDIT welcome/views/default/irfan.html: 0
[2014-03-04 20:12:01] EDIT welcome/views/default/irfan.html: 0
[2014-03-04 20:12:02] EDIT welcome/views/default/irfan.html: 0
[2014-03-04 20:12:02] EDIT welcome/views/default/irfan.html: 0
[2014-03-04 20:12:02] EDIT welcome/views/default/irfan.html: 0
[2014-03-04 20:13:01] EDIT welcome/views/default/irfan.html: 0
[2014-03-04 20:13:01] EDIT welcome/views/default/irfan.html: 0
[2014-03-04 20:13:02] EDIT welcome/views/default/irfan.html: 0
[2014-03-04 20:13:02] EDIT welcome/views/default/irfan.html: 0
[2014-03-04 20:14:52] EDIT welcome/controllers/default.py: 4
[2014-03-04 20:15:26] EDIT welcome/controllers/default.py: 0
[2014-03-04 20:15:26] EDIT welcome/controllers/default.py: 0
[2014-03-04 20:15:26] EDIT welcome/controllers/default.py: 0
[2014-03-04 20:15:26] EDIT welcome/controllers/default.py: 0
[2014-03-04 20:16:32] EDIT welcome/controllers/default.py: 0
[2014-03-04 20:16:32] EDIT welcome/controllers/default.py: 0
[2014-03-04 20:16:32] EDIT welcome/controllers/default.py: 0
[2014-03-04 20:16:33] EDIT welcome/controllers/default.py: 0
[2014-03-04 20:16:33] EDIT welcome/controllers/default.py: 0
[2014-03-04 20:16:33] EDIT welcome/controllers/default.py: 0
[2014-03-04 20:16:33] EDIT welcome/controllers/default.py: 0
[2014-03-04 20:16:34] EDIT welcome/controllers/default.py: 0
[2014-03-04 20:16:34] EDIT welcome/controllers/default.py: 0
[2014-03-04 20:16:34] EDIT welcome/controllers/default.py: 0
[2014-03-04 20:16:34] EDIT welcome/controllers/default.py: 0
[2014-03-04 20:16:34] EDIT welcome/controllers/default.py: 0
[2014-03-04 20:16:34] EDIT welcome/controllers/default.py: 0
[2014-03-04 20:17:11] EDIT welcome/controllers/default.py: 0
[2014-03-04 20:17:11] EDIT welcome/controllers/default.py: 0
[2014-03-04 20:17:12] EDIT welcome/controllers/default.py: 0
[2014-03-04 20:17:12] EDIT welcome/controllers/default.py: 0
[2014-03-04 20:17:12] EDIT welcome/controllers/default.py: 0
[2014-03-04 20:17:12] EDIT welcome/controllers/default.py: 0
[2014-03-04 20:17:40] EDIT welcome/views/default/irfan.html: -9
[2014-03-04 20:17:40] EDIT welcome/views/default/irfan.html: 0
[2014-03-04 20:17:40] EDIT welcome/views/default/irfan.html: 0
[2014-03-04 20:17:41] EDIT welcome/views/default/irfan.html: 0
[2014-03-04 20:19:06] EDIT welcome/views/default/irfan.html: 9
[2014-03-04 20:19:07] EDIT welcome/views/default/irfan.html: 0
[2014-03-04 20:19:07] EDIT welcome/views/default/irfan.html: 0
[2014-03-04 20:19:07] EDIT welcome/views/default/irfan.html: 0
[2014-03-04 20:19:23] EDIT welcome/views/default/irfan.html: 0
[2014-03-04 20:19:23] EDIT welcome/views/default/irfan.html: 0
[2014-03-04 20:19:23] EDIT welcome/views/default/irfan.html: 0
[2014-03-04 20:19:50] EDIT welcome/views/default/irfan.html: 0
[2014-03-04 20:19:50] EDIT welcome/views/default/irfan.html: 0
[2014-03-04 20:19:50] EDIT welcome/views/default/irfan.html: 0
[2014-03-04 20:20:06] EDIT welcome/views/default/irfan.html: 0
[2014-03-04 20:20:06] EDIT welcome/views/default/irfan.html: 0
[2014-03-04 20:20:07] EDIT welcome/views/default/irfan.html: 0
[2014-03-04 20:20:07] EDIT welcome/views/default/irfan.html: 0
[2014-03-04 20:20:07] EDIT welcome/views/default/irfan.html: 0
[2014-03-04 20:20:43] EDIT welcome/views/default/irfan.html: 0
[2014-03-04 20:20:44] EDIT welcome/views/default/irfan.html: 0
[2014-03-04 20:20:44] EDIT welcome/views/default/irfan.html: 0
[2014-03-04 20:21:34] EDIT welcome/views/default/irfan.html: 0
[2014-03-04 20:21:35] EDIT welcome/views/default/irfan.html: 0
[2014-03-04 20:21:35] EDIT welcome/views/default/irfan.html: 0
[2014-03-04 20:21:41] EDIT welcome/views/default/irfan.html: 0
[2014-03-04 20:21:41] EDIT welcome/views/default/irfan.html: 0
[2014-03-04 20:22:45] EDIT welcome/views/default/irfan.html: -2
[2014-03-04 20:22:45] EDIT welcome/views/default/irfan.html: 0
[2014-03-04 20:22:45] EDIT welcome/views/default/irfan.html: 0
[2014-03-04 20:23:10] EDIT welcome/views/default/irfan.html: -2
[2014-03-04 20:23:10] EDIT welcome/views/default/irfan.html: 0
[2014-03-04 20:23:11] EDIT welcome/views/default/irfan.html: 0
[2014-03-04 20:23:11] EDIT welcome/views/default/irfan.html: 0
[2014-03-04 20:23:11] EDIT welcome/views/default/irfan.html: 0
[2014-03-04 20:24:11] EDIT welcome/controllers/default.py: 0
[2014-03-04 20:24:11] EDIT welcome/controllers/default.py: 0
[2014-03-04 20:24:21] EDIT welcome/views/default/irfan.html: 0
[2014-03-04 20:24:21] EDIT welcome/views/default/irfan.html: 0
[2014-03-04 20:24:21] EDIT welcome/views/default/irfan.html: 0
[2014-03-04 20:25:19] EDIT welcome/views/default/irfan.html: 0
[2014-03-04 20:25:19] EDIT welcome/views/default/irfan.html: 0
[2014-03-04 20:25:19] EDIT welcome/views/default/irfan.html: 0
[2014-03-04 20:25:19] EDIT welcome/views/default/irfan.html: 0
[2014-03-04 20:25:37] EDIT welcome/views/default/irfan.html: 0
[2014-03-04 20:25:37] EDIT welcome/views/default/irfan.html: 0
[2014-03-04 20:26:28] EDIT welcome/views/default/irfan.html: 2
[2014-03-04 20:26:28] EDIT welcome/views/default/irfan.html: 0
[2014-03-04 20:26:29] EDIT welcome/views/default/irfan.html: 0
[2014-03-04 20:26:37] EDIT welcome/views/default/irfan.html: 0
[2014-03-04 20:26:38] EDIT welcome/views/default/irfan.html: 0
[2014-03-04 20:26:38] EDIT welcome/views/default/irfan.html: 0
[2014-03-04 20:26:46] EDIT welcome/views/default/irfan.html: 0
[2014-03-04 20:26:46] EDIT welcome/views/default/irfan.html: 0
[2014-03-04 20:26:46] EDIT welcome/views/default/irfan.html: 0
