[2014-03-11 17:17:10] START
[2014-03-11 17:23:05] EDIT deneme/controllers/default.py: -1
[2014-03-11 17:23:06] EDIT deneme/controllers/default.py: 0
[2014-03-11 17:23:06] EDIT deneme/controllers/default.py: 0
[2014-03-11 17:23:06] EDIT deneme/controllers/default.py: 0
[2014-03-11 17:23:22] EDIT deneme/controllers/default.py: 1
[2014-03-11 17:23:22] EDIT deneme/controllers/default.py: 0
[2014-03-11 17:23:23] EDIT deneme/controllers/default.py: 0
[2014-03-11 17:23:24] EDIT deneme/controllers/default.py: 0
[2014-03-11 17:23:25] EDIT deneme/controllers/default.py: 0
[2014-03-11 17:23:25] EDIT deneme/controllers/default.py: 0
[2014-03-11 17:23:25] EDIT deneme/controllers/default.py: 0
[2014-03-11 17:24:00] EDIT deneme/controllers/default.py: -1
[2014-03-11 17:24:00] EDIT deneme/controllers/default.py: 0
[2014-03-11 17:24:01] EDIT deneme/controllers/default.py: 0
[2014-03-11 17:24:01] EDIT deneme/controllers/default.py: 0
[2014-03-11 17:24:37] EDIT deneme/controllers/default.py: 0
[2014-03-11 17:24:38] EDIT deneme/controllers/default.py: 0
[2014-03-11 17:24:38] EDIT deneme/controllers/default.py: 0
[2014-03-11 17:24:42] EDIT deneme/controllers/default.py: 0
[2014-03-11 17:25:19] EDIT deneme/controllers/default.py: 0
[2014-03-11 17:25:20] EDIT deneme/controllers/default.py: 0
[2014-03-11 17:25:20] EDIT deneme/controllers/default.py: 0
[2014-03-11 17:25:20] EDIT deneme/controllers/default.py: 0
[2014-03-11 17:25:32] EDIT deneme/controllers/default.py: -1
[2014-03-11 17:25:33] EDIT deneme/controllers/default.py: 0
[2014-03-11 17:25:33] EDIT deneme/controllers/default.py: 0
[2014-03-11 17:25:38] EDIT deneme/controllers/default.py: 0
[2014-03-11 17:25:39] EDIT deneme/controllers/default.py: 0
[2014-03-11 17:25:39] EDIT deneme/controllers/default.py: 0
[2014-03-11 17:25:41] EDIT deneme/controllers/default.py: 0
[2014-03-11 17:25:43] EDIT deneme/controllers/default.py: 0
[2014-03-11 17:25:43] EDIT deneme/controllers/default.py: 0
[2014-03-11 17:25:43] EDIT deneme/controllers/default.py: 0
[2014-03-11 17:25:43] EDIT deneme/controllers/default.py: 0
[2014-03-11 17:25:43] EDIT deneme/controllers/default.py: 0
[2014-03-11 17:25:44] EDIT deneme/controllers/default.py: 0
[2014-03-11 17:25:44] EDIT deneme/controllers/default.py: 0
[2014-03-11 17:25:44] EDIT deneme/controllers/default.py: 0
[2014-03-11 17:25:52] EDIT deneme/controllers/default.py: 0
[2014-03-11 17:25:53] EDIT deneme/controllers/default.py: 0
[2014-03-11 17:25:53] EDIT deneme/controllers/default.py: 0
[2014-03-11 17:25:53] EDIT deneme/controllers/default.py: 0
[2014-03-11 17:27:35] EDIT deneme/views/default/index.html: -30
[2014-03-11 17:28:55] EDIT deneme/views/default/index.html: 1
[2014-03-11 17:28:55] EDIT deneme/views/default/index.html: 0
[2014-03-11 17:28:55] EDIT deneme/views/default/index.html: 0
[2014-03-11 17:29:57] EDIT deneme/views/default/index.html: 4
[2014-03-11 17:29:57] EDIT deneme/views/default/index.html: 0
[2014-03-11 17:29:57] EDIT deneme/views/default/index.html: 0
[2014-03-11 17:30:31] EDIT deneme/views/default/index.html: 0
[2014-03-11 17:30:31] EDIT deneme/views/default/index.html: 0
[2014-03-11 17:30:31] EDIT deneme/views/default/index.html: 0
[2014-03-11 17:30:32] EDIT deneme/views/default/index.html: 0
[2014-03-11 17:33:28] EDIT deneme/views/default/index.html: -4
[2014-03-11 17:33:28] EDIT deneme/views/default/index.html: 0
[2014-03-11 17:33:28] EDIT deneme/views/default/index.html: 0
[2014-03-11 17:33:43] EDIT deneme/views/default/index.html: 0
[2014-03-11 17:33:43] EDIT deneme/views/default/index.html: 0
[2014-03-11 17:34:18] EDIT deneme/views/default/index.html: 0
[2014-03-11 17:34:18] EDIT deneme/views/default/index.html: 0
[2014-03-11 17:34:45] EDIT deneme/views/default/index.html: 0
[2014-03-11 17:34:45] EDIT deneme/views/default/index.html: 0
[2014-03-11 17:34:45] EDIT deneme/views/default/index.html: 0
[2014-03-11 17:35:55] EDIT deneme/views/default/index.html: 0
[2014-03-11 17:35:55] EDIT deneme/views/default/index.html: 0
[2014-03-11 17:35:55] EDIT deneme/views/default/index.html: 0
[2014-03-11 17:36:37] EDIT deneme/controllers/default.py: 0
[2014-03-11 17:36:38] EDIT deneme/controllers/default.py: 0
[2014-03-11 17:36:38] EDIT deneme/controllers/default.py: 0
[2014-03-11 17:36:46] EDIT deneme/controllers/default.py: 0
[2014-03-11 17:36:46] EDIT deneme/controllers/default.py: 0
[2014-03-11 17:36:47] EDIT deneme/controllers/default.py: 0
[2014-03-11 17:36:47] EDIT deneme/controllers/default.py: 0
[2014-03-11 17:36:47] EDIT deneme/controllers/default.py: 0
[2014-03-11 17:36:47] EDIT deneme/controllers/default.py: 0
[2014-03-11 17:36:48] EDIT deneme/controllers/default.py: 0
[2014-03-11 17:36:48] EDIT deneme/controllers/default.py: 0
[2014-03-11 17:36:48] EDIT deneme/controllers/default.py: 0
[2014-03-11 17:36:48] EDIT deneme/controllers/default.py: 0
[2014-03-11 17:36:49] EDIT deneme/controllers/default.py: 0
[2014-03-11 17:36:49] EDIT deneme/controllers/default.py: 0
[2014-03-11 17:36:49] EDIT deneme/controllers/default.py: 0
[2014-03-11 17:36:49] EDIT deneme/controllers/default.py: 0
[2014-03-11 17:37:16] EDIT deneme/controllers/default.py: 0
[2014-03-11 17:37:16] EDIT deneme/controllers/default.py: 0
[2014-03-11 17:37:16] EDIT deneme/controllers/default.py: 0
[2014-03-11 17:37:16] EDIT deneme/controllers/default.py: 0
[2014-03-11 17:37:17] EDIT deneme/controllers/default.py: 0
[2014-03-11 17:37:17] EDIT deneme/controllers/default.py: 0
[2014-03-11 17:37:17] EDIT deneme/controllers/default.py: 0
[2014-03-11 17:37:17] EDIT deneme/controllers/default.py: 0
[2014-03-11 17:37:17] EDIT deneme/controllers/default.py: 0
[2014-03-11 17:37:18] EDIT deneme/controllers/default.py: 0
[2014-03-11 17:37:18] EDIT deneme/controllers/default.py: 0
[2014-03-11 17:40:19] EDIT deneme/controllers/default.py: 4
[2014-03-11 17:40:19] EDIT deneme/controllers/default.py: 0
[2014-03-11 17:40:21] EDIT deneme/controllers/default.py: 0
[2014-03-11 17:40:36] EDIT deneme/controllers/default.py: 0
[2014-03-11 17:40:36] EDIT deneme/controllers/default.py: 0
[2014-03-11 17:40:36] EDIT deneme/controllers/default.py: 0
[2014-03-11 17:40:37] EDIT deneme/controllers/default.py: 0
[2014-03-11 17:41:32] EDIT deneme/controllers/default.py: 1
[2014-03-11 17:41:32] EDIT deneme/controllers/default.py: 0
[2014-03-11 17:41:33] EDIT deneme/controllers/default.py: 0
[2014-03-11 17:41:33] EDIT deneme/controllers/default.py: 0
[2014-03-11 17:41:41] EDIT deneme/controllers/default.py: 0
[2014-03-11 17:41:42] EDIT deneme/controllers/default.py: 0
[2014-03-11 17:41:42] EDIT deneme/controllers/default.py: 0
[2014-03-11 17:42:18] EDIT deneme/controllers/default.py: 0
[2014-03-11 17:43:59] EDIT deneme/controllers/default.py: 0
[2014-03-11 18:00:22] EDIT deneme/models/db.py: 4
[2014-03-11 18:01:49] EDIT deneme/controllers/default.py: 1
[2014-03-11 18:02:02] EDIT deneme/controllers/default.py: 0
[2014-03-11 18:07:37] EDIT deneme/views/default/index.html: 1
[2014-03-11 18:07:38] EDIT deneme/views/default/index.html: 0
[2014-03-11 18:07:38] EDIT deneme/views/default/index.html: 0
[2014-03-11 18:09:17] EDIT deneme/models/db.py: 0
[2014-03-11 18:09:17] EDIT deneme/models/db.py: 0
[2014-03-11 18:09:17] EDIT deneme/models/db.py: 0
[2014-03-11 18:12:29] EDIT deneme/models/db.py: 1
[2014-03-11 18:12:29] EDIT deneme/models/db.py: 0
[2014-03-11 18:12:30] EDIT deneme/models/db.py: 0
[2014-03-11 18:12:33] EDIT deneme/models/db.py: 0
[2014-03-11 18:12:34] EDIT deneme/models/db.py: 0
[2014-03-11 18:12:34] EDIT deneme/models/db.py: 0
[2014-03-11 18:12:34] EDIT deneme/models/db.py: 0
[2014-03-11 18:13:42] EDIT deneme/models/db.py: 1
[2014-03-11 18:13:42] EDIT deneme/models/db.py: 0
[2014-03-11 18:13:43] EDIT deneme/models/db.py: 0
[2014-03-11 18:14:07] EDIT deneme/models/db.py: 0
[2014-03-11 18:14:08] EDIT deneme/models/db.py: 0
[2014-03-11 18:14:08] EDIT deneme/models/db.py: 0
[2014-03-11 18:14:08] EDIT deneme/models/db.py: 0
[2014-03-11 18:19:12] EDIT deneme/models/db.py: 0
[2014-03-11 18:19:13] EDIT deneme/models/db.py: 0
[2014-03-11 18:19:13] EDIT deneme/models/db.py: 0
[2014-03-11 18:23:26] EDIT deneme/controllers/default.py: 1
[2014-03-11 18:23:27] EDIT deneme/controllers/default.py: 0
[2014-03-11 18:23:27] EDIT deneme/controllers/default.py: 0
[2014-03-11 19:09:09] EDIT deneme/views/default/index.html: 3
[2014-03-11 19:09:10] EDIT deneme/views/default/index.html: 0
[2014-03-11 19:09:10] EDIT deneme/views/default/index.html: 0
[2014-03-11 19:09:10] EDIT deneme/views/default/index.html: 0
[2014-03-11 19:09:35] EDIT deneme/views/default/index.html: 0
[2014-03-11 19:09:35] EDIT deneme/views/default/index.html: 0
[2014-03-11 19:13:17] EDIT deneme/views/default/index.html: 5
[2014-03-11 19:13:18] EDIT deneme/views/default/index.html: 0
[2014-03-11 19:13:18] EDIT deneme/views/default/index.html: 0
[2014-03-11 19:13:40] EDIT deneme/views/default/index.html: 0
[2014-03-11 19:13:41] EDIT deneme/views/default/index.html: 0
[2014-03-11 19:13:41] EDIT deneme/views/default/index.html: 0
[2014-03-11 19:14:04] EDIT deneme/views/default/index.html: 0
[2014-03-11 19:14:04] EDIT deneme/views/default/index.html: 0
[2014-03-11 19:14:04] EDIT deneme/views/default/index.html: 0
[2014-03-11 19:14:30] EDIT deneme/views/default/index.html: 0
[2014-03-11 19:14:30] EDIT deneme/views/default/index.html: 0
[2014-03-11 19:14:30] EDIT deneme/views/default/index.html: 0
[2014-03-11 19:15:31] EDIT deneme/views/default/index.html: 4
[2014-03-11 19:15:31] EDIT deneme/views/default/index.html: 0
[2014-03-11 19:15:31] EDIT deneme/views/default/index.html: 0
[2014-03-11 19:15:55] EDIT deneme/views/default/index.html: -1
[2014-03-11 19:15:55] EDIT deneme/views/default/index.html: 0
[2014-03-11 19:15:55] EDIT deneme/views/default/index.html: 0
[2014-03-11 19:15:59] EDIT deneme/views/default/index.html: 0
[2014-03-11 19:15:59] EDIT deneme/views/default/index.html: 0
[2014-03-11 19:16:23] EDIT deneme/views/default/index.html: 0
[2014-03-11 19:16:23] EDIT deneme/views/default/index.html: 0
[2014-03-11 19:16:23] EDIT deneme/views/default/index.html: 0
[2014-03-11 19:16:47] EDIT deneme/views/default/index.html: 0
[2014-03-11 19:16:47] EDIT deneme/views/default/index.html: 0
[2014-03-11 19:16:47] EDIT deneme/views/default/index.html: 0
[2014-03-11 19:16:58] EDIT deneme/views/default/index.html: 0
[2014-03-11 19:16:58] EDIT deneme/views/default/index.html: 0
[2014-03-11 19:17:41] EDIT deneme/views/default/index.html: 0
[2014-03-11 19:17:42] EDIT deneme/views/default/index.html: 0
[2014-03-11 19:17:42] EDIT deneme/views/default/index.html: 0
[2014-03-11 19:18:01] EDIT deneme/views/default/index.html: 0
[2014-03-11 19:18:01] EDIT deneme/views/default/index.html: 0
[2014-03-11 19:18:02] EDIT deneme/views/default/index.html: 0
[2014-03-11 19:18:18] EDIT deneme/views/default/index.html: 0
[2014-03-11 19:18:18] EDIT deneme/views/default/index.html: 0
[2014-03-11 19:18:18] EDIT deneme/views/default/index.html: 0
[2014-03-11 19:18:52] EDIT deneme/views/default/index.html: 0
[2014-03-11 19:18:52] EDIT deneme/views/default/index.html: 0
[2014-03-11 19:18:52] EDIT deneme/views/default/index.html: 0
[2014-03-11 19:19:45] EDIT deneme/models/db.py: 0
[2014-03-11 19:19:45] EDIT deneme/models/db.py: 0
[2014-03-11 19:19:45] EDIT deneme/models/db.py: 0
[2014-03-11 19:19:51] EDIT deneme/models/db.py: 0
[2014-03-11 19:19:51] EDIT deneme/models/db.py: 0
[2014-03-11 19:19:52] EDIT deneme/models/db.py: 0
[2014-03-11 19:22:18] EDIT deneme/views/default/index.html: 12
[2014-03-11 19:22:19] EDIT deneme/views/default/index.html: 0
[2014-03-11 19:22:19] EDIT deneme/views/default/index.html: 0
[2014-03-11 19:22:19] EDIT deneme/views/default/index.html: 0
[2014-03-11 19:22:41] EDIT deneme/views/default/index.html: 0
[2014-03-11 19:22:41] EDIT deneme/views/default/index.html: 0
[2014-03-11 19:22:42] EDIT deneme/views/default/index.html: 0
[2014-03-11 19:28:14] EDIT deneme/controllers/default.py: 3
[2014-03-11 19:28:15] EDIT deneme/controllers/default.py: 0
[2014-03-11 19:28:15] EDIT deneme/controllers/default.py: 0
[2014-03-11 19:28:15] EDIT deneme/controllers/default.py: 0
[2014-03-11 19:28:15] EDIT deneme/controllers/default.py: 0
[2014-03-11 19:28:15] EDIT deneme/controllers/default.py: 0
[2014-03-11 19:28:16] EDIT deneme/controllers/default.py: 0
[2014-03-11 19:28:16] EDIT deneme/controllers/default.py: 0
[2014-03-11 19:28:16] EDIT deneme/controllers/default.py: 0
[2014-03-11 19:28:16] EDIT deneme/controllers/default.py: 0
[2014-03-11 19:28:17] EDIT deneme/controllers/default.py: 0
[2014-03-11 19:28:17] EDIT deneme/controllers/default.py: 0
[2014-03-11 19:28:17] EDIT deneme/controllers/default.py: 0
[2014-03-11 19:28:17] EDIT deneme/controllers/default.py: 0
[2014-03-11 19:28:17] EDIT deneme/controllers/default.py: 0
[2014-03-11 19:28:18] EDIT deneme/controllers/default.py: 0
[2014-03-11 19:28:18] EDIT deneme/controllers/default.py: 0
[2014-03-11 19:28:18] EDIT deneme/controllers/default.py: 0
[2014-03-11 19:28:18] EDIT deneme/controllers/default.py: 0
[2014-03-11 19:28:54] EDIT deneme/models/db.py: 0
[2014-03-11 19:28:54] EDIT deneme/models/db.py: 0
[2014-03-11 19:28:54] EDIT deneme/models/db.py: 0
[2014-03-11 19:32:36] EDIT deneme/controllers/default.py: 1
[2014-03-11 19:32:36] EDIT deneme/controllers/default.py: 0
[2014-03-11 19:32:36] EDIT deneme/controllers/default.py: 0
[2014-03-11 19:34:26] EDIT deneme/controllers/default.py: 0
[2014-03-11 19:34:27] EDIT deneme/controllers/default.py: 0
[2014-03-11 19:34:27] EDIT deneme/controllers/default.py: 0
[2014-03-11 19:34:27] EDIT deneme/controllers/default.py: 0
[2014-03-11 19:34:28] EDIT deneme/controllers/default.py: 0
[2014-03-11 19:34:50] EDIT deneme/controllers/default.py: 0
[2014-03-11 19:34:50] EDIT deneme/controllers/default.py: 0
[2014-03-11 19:34:50] EDIT deneme/controllers/default.py: 0
[2014-03-11 19:35:17] EDIT deneme/controllers/default.py: -4
[2014-03-11 19:35:18] EDIT deneme/controllers/default.py: 0
[2014-03-11 19:35:18] EDIT deneme/controllers/default.py: 0
[2014-03-11 19:35:48] EDIT deneme/controllers/default.py: -1
[2014-03-11 19:35:48] EDIT deneme/controllers/default.py: 0
[2014-03-11 19:35:48] EDIT deneme/controllers/default.py: 0
[2014-03-11 19:40:27] EDIT deneme/views/default/index.html: 4
[2014-03-11 19:40:27] EDIT deneme/views/default/index.html: 0
[2014-03-11 19:40:27] EDIT deneme/views/default/index.html: 0
[2014-03-11 19:40:27] EDIT deneme/views/default/index.html: 0
[2014-03-11 19:40:27] EDIT deneme/views/default/index.html: 0
[2014-03-11 19:40:34] EDIT deneme/views/default/index.html: 0
[2014-03-11 19:40:34] EDIT deneme/views/default/index.html: 0
[2014-03-11 19:40:34] EDIT deneme/views/default/index.html: 0
[2014-03-11 19:40:41] EDIT deneme/controllers/default.py: 4
[2014-03-11 19:41:31] EDIT deneme/views/default/index.html: 0
[2014-03-11 19:41:31] EDIT deneme/views/default/index.html: 0
[2014-03-11 19:41:31] EDIT deneme/views/default/index.html: 0
[2014-03-11 19:41:31] EDIT deneme/views/default/index.html: 0
[2014-03-11 19:41:32] EDIT deneme/views/default/index.html: 0
[2014-03-11 19:42:18] EDIT deneme/views/default/index.html: 0
[2014-03-11 19:42:18] EDIT deneme/views/default/index.html: 0
[2014-03-11 19:42:19] EDIT deneme/views/default/index.html: 0
[2014-03-11 19:42:19] EDIT deneme/views/default/index.html: 0
[2014-03-11 19:42:44] EDIT deneme/views/default/index.html: 0
[2014-03-11 19:42:44] EDIT deneme/views/default/index.html: 0
[2014-03-11 19:42:44] EDIT deneme/views/default/index.html: 0
[2014-03-11 19:43:09] EDIT deneme/views/default/index.html: 0
[2014-03-11 19:43:09] EDIT deneme/views/default/index.html: 0
[2014-03-11 19:44:34] EDIT deneme/views/default/index.html: 0
[2014-03-11 19:44:34] EDIT deneme/views/default/index.html: 0
[2014-03-11 19:44:34] EDIT deneme/views/default/index.html: 0
[2014-03-11 19:45:19] EDIT deneme/views/default/index.html: 0
[2014-03-11 19:45:19] EDIT deneme/views/default/index.html: 0
[2014-03-11 19:45:19] EDIT deneme/views/default/index.html: 0
[2014-03-11 19:45:42] EDIT deneme/views/default/index.html: 0
[2014-03-11 19:45:42] EDIT deneme/views/default/index.html: 0
[2014-03-11 19:45:42] EDIT deneme/views/default/index.html: 0
[2014-03-11 19:45:42] EDIT deneme/views/default/index.html: 0
[2014-03-11 19:47:08] EDIT deneme/views/default/index.html: 2
[2014-03-11 19:47:08] EDIT deneme/views/default/index.html: 0
[2014-03-11 19:47:08] EDIT deneme/views/default/index.html: 0
[2014-03-11 19:48:28] EDIT deneme/controllers/default.py: 1
[2014-03-11 19:48:28] EDIT deneme/controllers/default.py: 0
[2014-03-11 19:48:28] EDIT deneme/controllers/default.py: 0
[2014-03-11 19:48:28] EDIT deneme/controllers/default.py: 0
[2014-03-11 19:48:50] EDIT deneme/views/default/index.html: -3
[2014-03-11 19:49:02] EDIT deneme/views/default/index.html: 3
[2014-03-11 19:49:02] EDIT deneme/views/default/index.html: 0
[2014-03-11 19:49:02] EDIT deneme/views/default/index.html: 0
[2014-03-11 19:49:02] EDIT deneme/views/default/index.html: 0
[2014-03-11 19:49:02] EDIT deneme/views/default/index.html: 0
[2014-03-11 19:49:03] EDIT deneme/views/default/index.html: 0
[2014-03-11 19:50:23] EDIT deneme/views/default/index.html: 0
[2014-03-11 19:50:23] EDIT deneme/views/default/index.html: 0
[2014-03-11 19:50:23] EDIT deneme/views/default/index.html: 0
[2014-03-11 19:50:48] EDIT deneme/views/default/index.html: 0
[2014-03-11 19:50:48] EDIT deneme/views/default/index.html: 0
[2014-03-11 19:50:56] EDIT deneme/views/default/index.html: 0
[2014-03-11 19:50:56] EDIT deneme/views/default/index.html: 0
[2014-03-11 19:50:56] EDIT deneme/views/default/index.html: 0
[2014-03-11 19:52:39] EDIT deneme/views/default/index.html: 3
[2014-03-11 19:52:39] EDIT deneme/views/default/index.html: 0
[2014-03-11 19:52:39] EDIT deneme/views/default/index.html: 0
[2014-03-11 19:52:49] EDIT deneme/views/default/index.html: 0
[2014-03-11 19:52:49] EDIT deneme/views/default/index.html: 0
[2014-03-11 19:52:50] EDIT deneme/views/default/index.html: 0
[2014-03-11 19:53:00] EDIT deneme/views/default/index.html: 0
[2014-03-11 19:53:01] EDIT deneme/views/default/index.html: 0
[2014-03-11 19:53:01] EDIT deneme/views/default/index.html: 0
[2014-03-11 19:53:16] EDIT deneme/views/default/index.html: 0
[2014-03-11 19:53:16] EDIT deneme/views/default/index.html: 0
[2014-03-11 19:53:17] EDIT deneme/views/default/index.html: 0
[2014-03-11 19:53:17] EDIT deneme/views/default/index.html: 0
[2014-03-11 19:53:17] EDIT deneme/views/default/index.html: 0
[2014-03-11 19:53:17] EDIT deneme/views/default/index.html: 0
[2014-03-11 19:53:41] EDIT deneme/views/default/index.html: 0
[2014-03-11 19:53:41] EDIT deneme/views/default/index.html: 0
[2014-03-11 19:53:41] EDIT deneme/views/default/index.html: 0
[2014-03-11 19:56:18] EDIT deneme/views/default/index.html: 13
[2014-03-11 19:56:18] EDIT deneme/views/default/index.html: 0
[2014-03-11 19:56:18] EDIT deneme/views/default/index.html: 0
[2014-03-11 19:56:41] EDIT deneme/views/default/index.html: 0
[2014-03-11 19:56:41] EDIT deneme/views/default/index.html: 0
[2014-03-11 19:56:42] EDIT deneme/views/default/index.html: 0
[2014-03-11 19:56:59] EDIT deneme/views/default/index.html: 0
[2014-03-11 19:56:59] EDIT deneme/views/default/index.html: 0
[2014-03-11 19:56:59] EDIT deneme/views/default/index.html: 0
[2014-03-11 19:58:57] EDIT deneme/views/default/index.html: 2
[2014-03-11 19:58:57] EDIT deneme/views/default/index.html: 0
[2014-03-11 19:58:57] EDIT deneme/views/default/index.html: 0
[2014-03-11 20:01:07] EDIT deneme/views/default/index.html: 0
[2014-03-11 20:01:07] EDIT deneme/views/default/index.html: 0
[2014-03-11 20:04:07] EDIT deneme/views/default/index.html: 0
[2014-03-11 20:04:08] EDIT deneme/views/default/index.html: 0
[2014-03-11 20:04:08] EDIT deneme/views/default/index.html: 0
[2014-03-11 20:04:19] EDIT deneme/views/default/index.html: 0
[2014-03-11 20:04:19] EDIT deneme/views/default/index.html: 0
[2014-03-11 20:04:19] EDIT deneme/views/default/index.html: 0
[2014-03-11 20:04:20] EDIT deneme/views/default/index.html: 0
[2014-03-11 20:04:55] EDIT deneme/views/default/index.html: 0
[2014-03-11 20:04:55] EDIT deneme/views/default/index.html: 0
[2014-03-11 20:04:56] EDIT deneme/views/default/index.html: 0
[2014-03-11 20:06:24] EDIT deneme/views/default/index.html: 0
[2014-03-11 20:06:24] EDIT deneme/views/default/index.html: 0
[2014-03-11 20:07:42] EDIT deneme/views/default/index.html: 0
[2014-03-11 20:07:42] EDIT deneme/views/default/index.html: 0
[2014-03-11 20:08:21] EDIT deneme/views/default/index.html: 2
[2014-03-11 20:08:21] EDIT deneme/views/default/index.html: 0
[2014-03-11 20:08:21] EDIT deneme/views/default/index.html: 0
[2014-03-11 20:08:22] EDIT deneme/views/default/index.html: 0
[2014-03-11 20:08:30] EDIT deneme/views/default/index.html: 0
[2014-03-11 20:08:30] EDIT deneme/views/default/index.html: 0
[2014-03-11 20:08:30] EDIT deneme/views/default/index.html: 0
[2014-03-11 20:09:01] EDIT deneme/views/default/index.html: 0
[2014-03-11 20:09:01] EDIT deneme/views/default/index.html: 0
[2014-03-11 20:09:01] EDIT deneme/views/default/index.html: 0
[2014-03-11 20:14:12] EDIT deneme/views/default/index.html: 1
[2014-03-11 20:14:12] EDIT deneme/views/default/index.html: 0
[2014-03-11 20:14:12] EDIT deneme/views/default/index.html: 0
[2014-03-11 20:17:07] EDIT deneme/controllers/default.py: 2
[2014-03-11 20:17:07] EDIT deneme/controllers/default.py: 0
[2014-03-11 20:17:51] EDIT deneme/controllers/default.py: 0
[2014-03-11 20:17:51] EDIT deneme/controllers/default.py: 0
[2014-03-11 20:17:51] EDIT deneme/controllers/default.py: 0
[2014-03-11 20:18:09] EDIT deneme/controllers/default.py: 0
[2014-03-11 20:18:09] EDIT deneme/controllers/default.py: 0
[2014-03-11 20:18:09] EDIT deneme/controllers/default.py: 0
[2014-03-11 20:18:09] EDIT deneme/controllers/default.py: 0
[2014-03-11 20:21:11] EDIT deneme/controllers/default.py: 1
[2014-03-11 20:21:11] EDIT deneme/controllers/default.py: 0
[2014-03-11 20:21:11] EDIT deneme/controllers/default.py: 0
[2014-03-11 20:21:32] EDIT deneme/views/default/index.html: 1
[2014-03-11 20:21:32] EDIT deneme/views/default/index.html: 0
[2014-03-11 20:21:32] EDIT deneme/views/default/index.html: 0
[2014-03-11 20:22:05] EDIT deneme/controllers/default.py: 0
[2014-03-11 20:22:05] EDIT deneme/controllers/default.py: 0
[2014-03-11 20:22:05] EDIT deneme/controllers/default.py: 0
[2014-03-11 20:22:06] EDIT deneme/controllers/default.py: 0
[2014-03-11 20:22:46] EDIT deneme/controllers/default.py: 0
[2014-03-11 20:22:46] EDIT deneme/controllers/default.py: 0
[2014-03-11 20:22:46] EDIT deneme/controllers/default.py: 0
[2014-03-11 20:22:46] EDIT deneme/controllers/default.py: 0
